SF:lib\models\auth_model.dart
DA:6,2
DA:12,2
DA:13,2
DA:14,6
DA:15,4
DA:16,4
DA:25,1
DA:30,1
DA:31,1
DA:32,1
DA:33,1
DA:43,0
DA:49,0
DA:50,0
DA:51,0
DA:52,0
DA:53,0
LF:17
LH:11
end_of_record
SF:lib\models\channel_model.dart
DA:5,2
DA:10,2
DA:11,2
DA:12,2
DA:13,2
DA:23,3
DA:29,2
DA:30,2
DA:31,2
DA:32,2
DA:33,2
DA:37,1
DA:38,1
DA:39,1
DA:40,1
DA:41,1
LF:16
LH:16
end_of_record
SF:lib\models\event_model.dart
DA:5,2
DA:10,2
DA:11,2
DA:12,2
DA:13,2
DA:24,3
DA:31,2
DA:32,2
DA:33,2
DA:34,2
DA:35,2
DA:36,2
DA:40,2
DA:41,2
DA:42,2
DA:43,2
DA:44,2
DA:45,2
LF:18
LH:18
end_of_record
SF:lib\channel_item.dart
DA:9,1
DA:16,1
DA:18,1
DA:20,1
DA:21,1
DA:22,1
DA:23,1
DA:25,2
DA:31,0
DA:32,0
DA:33,0
DA:34,0
DA:37,0
DA:39,0
DA:48,0
DA:49,0
DA:51,0
DA:52,0
DA:53,0
DA:63,0
DA:64,0
DA:67,0
DA:68,0
DA:77,0
DA:79,0
DA:86,1
DA:87,1
DA:89,1
DA:90,1
DA:91,1
DA:92,1
DA:95,1
DA:97,1
DA:106,1
DA:107,1
DA:109,1
DA:110,1
DA:111,2
DA:118,3
DA:120,1
DA:125,1
DA:127,1
DA:145,1
DA:146,1
DA:147,1
DA:150,1
DA:153,1
DA:154,4
DA:155,1
DA:156,1
LF:50
LH:33
end_of_record
SF:lib\event_item.dart
DA:11,1
DA:17,1
DA:19,1
DA:20,1
DA:22,3
DA:24,1
DA:26,1
DA:27,1
DA:28,1
DA:29,1
DA:31,1
DA:33,1
DA:35,1
DA:36,1
DA:37,1
DA:40,1
DA:41,2
DA:44,1
DA:46,1
DA:47,2
DA:56,1
DA:57,2
DA:58,1
DA:59,1
DA:68,1
DA:69,2
DA:78,4
DA:80,1
DA:81,2
DA:82,1
DA:83,1
DA:92,1
DA:94,0
DA:96,0
DA:97,0
DA:103,0
DA:105,0
DA:108,0
DA:109,0
DA:110,0
DA:111,0
DA:114,0
DA:116,0
DA:118,0
DA:120,0
DA:121,0
DA:122,0
DA:123,0
DA:124,0
DA:131,0
DA:134,0
DA:135,0
LF:52
LH:32
end_of_record
SF:lib\providers\channel_provider.dart
DA:14,2
DA:15,2
DA:16,2
DA:18,2
DA:20,2
DA:23,2
DA:24,2
DA:25,0
DA:27,0
DA:29,4
DA:33,0
DA:34,0
DA:35,0
DA:39,2
DA:41,2
DA:42,2
DA:45,1
DA:46,1
DA:47,1
DA:50,2
DA:51,0
DA:53,2
DA:54,1
DA:58,1
DA:59,1
DA:60,1
DA:63,2
DA:64,0
DA:65,0
DA:68,2
DA:69,1
DA:74,2
DA:76,3
DA:78,2
DA:79,2
DA:80,2
DA:83,1
DA:84,2
DA:85,1
DA:86,1
DA:90,1
DA:91,2
DA:92,1
DA:93,1
DA:97,1
DA:98,1
DA:99,1
DA:100,1
DA:104,2
LF:49
LH:41
end_of_record
SF:lib\providers\auth_provider.dart
DA:14,4
DA:15,4
DA:16,2
DA:17,6
DA:19,2
DA:21,2
DA:22,2
DA:25,2
DA:26,2
DA:27,4
DA:29,3
DA:31,4
DA:35,1
DA:36,1
DA:37,4
DA:41,2
DA:43,4
DA:44,2
DA:47,2
DA:48,2
DA:50,4
DA:51,3
DA:53,1
DA:57,1
DA:58,1
DA:59,1
DA:62,2
DA:63,0
DA:66,2
DA:67,1
DA:72,1
DA:73,1
DA:74,1
DA:79,2
DA:80,2
DA:81,0
DA:82,0
DA:85,2
DA:86,1
DA:91,1
DA:92,1
DA:94,2
DA:95,0
DA:96,0
DA:98,1
DA:103,2
DA:104,4
DA:105,2
DA:106,2
DA:110,1
DA:111,2
DA:112,1
DA:113,1
DA:117,1
DA:118,1
DA:119,1
DA:120,1
DA:124,2
LF:58
LH:53
end_of_record
SF:lib\services\api_service.dart
DA:15,10
DA:16,5
DA:17,20
DA:18,15
DA:19,15
DA:22,15
DA:23,5
DA:24,2
DA:26,4
DA:27,1
DA:28,0
DA:31,4
DA:32,2
DA:34,2
DA:36,6
DA:37,0
DA:38,0
DA:39,0
DA:40,0
DA:44,0
DA:45,0
DA:48,0
DA:49,0
DA:51,0
DA:56,8
DA:57,2
DA:62,5
DA:65,2
DA:66,2
DA:67,1
DA:68,1
DA:72,1
DA:73,2
DA:74,1
DA:75,3
DA:76,3
DA:80,0
DA:82,5
DA:83,8
DA:87,2
DA:88,2
DA:91,0
DA:92,0
DA:93,0
DA:96,1
DA:97,1
DA:98,0
DA:102,0
DA:103,0
DA:107,1
DA:110,2
DA:112,1
DA:116,1
DA:119,0
DA:120,1
DA:121,1
DA:125,1
DA:127,2
DA:129,1
DA:132,1
DA:135,0
DA:136,0
DA:137,0
DA:141,1
DA:142,1
DA:146,1
DA:149,1
DA:150,0
DA:153,0
DA:156,1
DA:161,0
DA:163,0
DA:168,0
DA:170,0
DA:171,0
DA:172,0
DA:177,0
DA:179,0
DA:184,0
DA:190,0
DA:192,0
DA:193,0
DA:194,0
DA:195,0
DA:196,0
DA:200,0
DA:203,0
DA:205,0
DA:208,0
DA:211,0
DA:212,0
DA:213,0
DA:218,1
DA:220,2
DA:221,0
DA:222,0
DA:223,1
DA:224,1
DA:228,1
DA:230,2
DA:232,1
DA:235,1
DA:238,0
DA:239,1
DA:240,1
DA:245,2
DA:246,2
DA:249,0
DA:253,0
DA:254,0
DA:260,0
DA:262,1
DA:263,1
DA:267,0
DA:268,0
DA:271,0
DA:272,0
DA:273,0
DA:278,0
DA:279,0
DA:281,0
DA:282,0
DA:283,0
DA:284,0
DA:286,0
DA:288,0
DA:293,2
DA:294,2
DA:295,4
DA:296,4
DA:298,2
DA:300,0
DA:301,0
DA:305,0
DA:307,0
DA:309,0
DA:311,0
DA:313,0
DA:315,0
DA:318,0
LF:140
LH:66
end_of_record
SF:lib\providers\settings_provider.dart
DA:29,6
DA:30,4
DA:31,2
DA:32,4
DA:33,4
DA:34,0
DA:60,5
DA:61,5
DA:65,5
DA:67,5
DA:69,0
DA:70,0
DA:71,0
DA:72,0
DA:73,0
DA:74,0
DA:75,0
DA:77,0
DA:78,0
DA:80,12
DA:81,4
DA:82,4
DA:87,2
DA:88,4
DA:89,2
DA:90,2
DA:91,2
DA:96,1
DA:97,2
DA:98,1
DA:99,1
DA:100,1
DA:105,1
DA:106,1
DA:107,1
DA:111,2
DA:112,1
DA:113,1
DA:117,2
DA:118,1
DA:119,1
DA:124,1
DA:129,1
DA:130,2
DA:131,1
DA:132,1
DA:133,1
DA:138,1
DA:139,2
DA:140,1
DA:141,1
DA:142,1
DA:147,1
DA:148,2
DA:149,1
DA:150,1
DA:151,1
DA:156,0
DA:157,0
DA:158,0
DA:159,0
DA:160,0
DA:161,0
DA:163,0
DA:164,0
DA:168,1
DA:169,2
DA:170,3
DA:171,3
DA:179,2
LF:70
LH:52
end_of_record
SF:lib\providers\event_provider.dart
DA:14,2
DA:15,2
DA:16,2
DA:18,1
DA:21,0
DA:23,1
DA:27,1
DA:28,1
DA:29,4
DA:31,3
DA:33,2
DA:37,0
DA:38,0
DA:39,0
DA:43,1
DA:45,3
DA:46,1
DA:49,0
DA:50,0
DA:51,0
DA:54,0
DA:55,0
DA:57,0
DA:58,0
DA:62,0
DA:63,0
DA:64,0
DA:67,0
DA:69,0
DA:70,0
DA:73,0
DA:74,0
DA:79,0
DA:80,0
DA:81,0
DA:82,0
DA:86,0
DA:87,0
DA:88,0
DA:89,0
DA:93,1
DA:94,1
DA:95,0
DA:96,0
DA:100,2
LF:45
LH:16
end_of_record
SF:lib\services\secure_storage_service.dart
DA:29,0
DA:36,0
DA:39,0
DA:43,0
DA:47,0
DA:50,0
DA:52,0
DA:57,6
DA:59,6
DA:61,12
DA:66,0
DA:68,0
DA:70,0
DA:75,0
DA:77,0
DA:78,0
DA:80,0
DA:85,0
DA:87,0
DA:89,0
DA:94,1
DA:96,2
DA:97,1
DA:98,1
DA:99,1
DA:100,1
DA:102,0
DA:104,3
DA:109,0
DA:111,0
DA:112,0
DA:117,0
DA:118,0
DA:119,0
DA:125,0
DA:127,0
DA:128,0
DA:129,0
DA:132,0
DA:133,0
DA:135,0
DA:136,0
DA:137,0
DA:139,0
DA:140,0
DA:147,0
DA:151,0
DA:157,0
DA:159,0
DA:160,0
DA:162,0
LF:51
LH:10
end_of_record
SF:lib\services\audio_service.dart
DA:19,4
DA:20,2
DA:21,2
DA:22,4
DA:23,6
DA:25,2
DA:26,2
DA:27,2
DA:30,2
DA:31,2
DA:32,0
DA:33,0
DA:34,0
DA:35,0
DA:37,0
DA:38,0
DA:39,0
DA:40,0
DA:41,0
DA:44,0
DA:50,1
DA:52,1
DA:55,3
DA:61,1
DA:63,1
DA:65,1
DA:67,2
DA:71,0
DA:72,0
DA:73,0
DA:75,0
DA:76,0
DA:78,0
DA:84,2
DA:86,2
DA:88,0
DA:89,0
DA:90,0
DA:92,0
DA:94,0
DA:99,0
DA:101,0
DA:102,0
DA:104,0
DA:109,1
DA:111,1
DA:112,0
DA:113,0
DA:115,0
DA:117,3
DA:122,2
DA:124,2
DA:125,0
DA:126,0
DA:128,0
DA:130,6
DA:135,2
DA:141,4
DA:147,0
DA:148,0
DA:150,6
DA:155,2
DA:157,2
DA:158,0
DA:159,0
DA:161,0
DA:163,6
DA:168,2
DA:170,2
DA:172,0
DA:173,0
DA:176,6
DA:181,2
DA:183,2
DA:185,0
DA:186,0
DA:191,6
DA:197,2
DA:198,2
DA:202,2
DA:203,2
DA:204,2
DA:207,2
DA:209,2
DA:210,2
DA:211,4
DA:212,2
DA:213,2
DA:219,0
DA:225,0
DA:228,0
DA:232,0
DA:235,0
LF:93
LH:48
end_of_record
SF:lib\services\communication_service.dart
DA:23,3
DA:24,2
DA:25,3
DA:26,2
DA:27,2
DA:28,2
DA:30,1
DA:33,0
DA:35,2
DA:38,1
DA:39,1
DA:42,1
DA:44,3
DA:47,3
DA:48,1
DA:52,2
DA:53,0
DA:57,4
DA:58,1
DA:59,0
DA:60,0
DA:65,4
DA:66,1
DA:67,0
DA:68,0
DA:73,1
DA:75,4
DA:78,1
DA:81,2
DA:82,0
DA:86,1
DA:87,2
DA:88,2
DA:89,3
DA:92,1
DA:94,4
DA:97,2
DA:104,1
DA:107,1
DA:111,1
DA:112,2
DA:113,2
DA:114,2
DA:117,3
DA:119,0
DA:121,2
DA:128,1
DA:129,2
DA:130,2
DA:134,0
DA:135,0
DA:136,0
DA:140,1
DA:141,2
DA:142,1
DA:145,1
DA:146,2
DA:149,2
DA:151,3
DA:152,1
DA:156,1
DA:157,1
DA:158,0
DA:161,2
DA:162,1
DA:164,2
DA:165,1
DA:169,0
DA:171,0
DA:172,0
DA:175,0
DA:178,0
DA:179,0
DA:182,0
DA:187,0
DA:193,0
DA:194,0
DA:195,0
DA:199,0
DA:201,0
DA:202,0
DA:205,0
DA:209,0
DA:214,0
DA:215,0
DA:216,0
DA:221,0
DA:224,0
DA:226,0
DA:230,0
DA:231,0
DA:233,0
DA:237,1
DA:238,1
DA:241,0
DA:244,0
DA:246,0
DA:247,0
DA:249,0
DA:253,0
DA:254,0
DA:255,0
DA:260,0
DA:262,0
DA:266,0
DA:268,0
DA:271,0
DA:272,0
DA:275,0
DA:281,0
DA:287,0
DA:288,0
DA:292,1
DA:293,2
DA:296,1
DA:297,2
DA:300,1
DA:301,2
DA:304,3
DA:307,0
DA:310,0
DA:313,0
DA:314,0
DA:317,0
DA:318,0
DA:320,0
DA:324,0
DA:325,0
DA:327,0
DA:329,0
DA:330,0
DA:331,0
DA:333,0
DA:336,0
DA:339,1
DA:341,1
DA:342,1
DA:343,2
DA:344,2
DA:345,3
DA:346,2
DA:347,2
DA:348,1
LF:143
LH:73
end_of_record
SF:lib\services\websocket_service.dart
DA:20,2
DA:21,0
DA:24,3
DA:27,1
DA:29,1
DA:32,1
DA:33,0
DA:34,2
DA:39,0
DA:40,0
DA:41,0
DA:42,0
DA:43,0
DA:46,0
DA:47,0
DA:50,0
DA:51,0
DA:52,0
DA:53,0
DA:56,0
DA:58,0
DA:60,0
DA:62,0
DA:65,3
DA:66,1
DA:67,1
DA:73,1
DA:74,1
DA:75,0
DA:76,0
DA:77,0
DA:78,0
DA:81,1
DA:82,1
DA:83,1
DA:85,2
DA:89,0
DA:90,0
DA:91,0
DA:96,0
DA:97,0
DA:99,0
DA:103,1
DA:104,1
DA:105,2
DA:110,0
DA:111,0
DA:114,0
DA:115,0
DA:116,0
DA:121,0
DA:122,0
DA:124,0
DA:125,0
DA:126,0
DA:130,0
DA:131,0
DA:133,0
DA:138,0
DA:139,0
DA:142,0
DA:143,0
DA:145,0
DA:150,0
DA:151,0
DA:154,0
DA:155,0
DA:157,0
DA:159,0
DA:161,0
DA:162,0
DA:163,0
DA:168,0
DA:169,0
DA:170,0
DA:173,0
DA:176,0
DA:179,0
DA:183,0
DA:188,0
DA:189,0
DA:192,0
DA:193,0
DA:194,0
DA:195,0
DA:196,0
DA:200,0
DA:201,0
DA:205,0
DA:206,0
DA:207,0
DA:208,0
DA:209,0
DA:212,1
DA:214,1
DA:215,2
DA:216,1
LF:97
LH:22
end_of_record
SF:lib\main.dart
DA:19,0
DA:21,0
DA:23,0
DA:26,0
DA:27,0
DA:29,0
DA:30,0
DA:31,0
DA:32,0
DA:33,0
DA:42,2
DA:45,1
DA:47,1
DA:48,1
DA:49,3
DA:50,3
DA:51,1
DA:52,0
DA:53,0
DA:54,0
DA:55,0
DA:59,1
DA:60,2
DA:61,1
DA:63,0
DA:68,1
DA:69,0
DA:70,0
DA:72,0
DA:77,1
DA:78,0
DA:79,0
DA:81,0
DA:87,1
DA:88,1
DA:89,4
DA:91,1
DA:94,1
DA:96,1
DA:97,0
DA:98,0
DA:99,0
DA:100,0
DA:110,0
DA:112,0
DA:114,0
DA:115,0
DA:116,0
DA:117,0
DA:120,0
DA:121,0
DA:122,0
DA:123,0
DA:124,0
DA:126,0
DA:128,0
DA:130,0
DA:131,0
DA:133,0
DA:137,0
DA:139,0
DA:142,0
DA:143,0
DA:144,0
DA:145,0
DA:146,0
DA:147,0
DA:152,0
DA:153,0
DA:154,0
DA:168,0
DA:190,0
LF:72
LH:18
end_of_record
SF:lib\channel.dart
DA:6,1
DA:9,0
LF:2
LH:1
end_of_record
SF:lib\comms_state.dart
DA:14,0
DA:16,0
DA:17,0
DA:21,0
DA:22,0
DA:23,0
DA:24,0
DA:25,0
DA:26,0
DA:27,0
DA:28,0
DA:29,0
DA:30,0
DA:33,0
DA:34,0
DA:36,0
DA:37,0
DA:38,0
DA:41,0
DA:42,0
DA:44,0
DA:48,0
DA:49,0
DA:50,0
DA:54,0
DA:55,0
DA:56,0
DA:60,0
DA:61,0
DA:63,0
DA:64,0
DA:65,0
DA:69,0
DA:70,0
DA:72,0
DA:73,0
DA:74,0
DA:78,0
DA:79,0
DA:80,0
DA:84,0
DA:85,0
DA:86,0
DA:90,0
DA:91,0
DA:92,0
DA:96,0
DA:97,0
DA:98,0
DA:102,0
DA:103,0
DA:104,0
DA:105,0
DA:109,0
DA:110,0
DA:111,0
DA:115,0
DA:116,0
DA:117,0
DA:120,0
DA:121,0
DA:122,0
DA:125,0
DA:126,0
DA:127,0
DA:131,0
DA:133,0
DA:136,0
DA:138,0
DA:142,0
DA:144,0
DA:147,0
DA:149,0
DA:152,0
DA:154,0
DA:155,0
LF:76
LH:0
end_of_record
SF:lib\globals\app_state.dart
DA:8,1
DA:10,0
DA:11,0
DA:16,1
DA:17,1
DA:20,0
DA:21,0
DA:22,0
LF:8
LH:3
end_of_record
SF:lib\globals\themes.dart
DA:5,0
DA:7,0
DA:16,3
DA:18,1
DA:50,1
DA:54,1
DA:56,1
DA:57,1
DA:58,1
DA:59,1
DA:64,1
DA:65,1
DA:69,1
DA:70,1
DA:74,1
DA:75,1
DA:78,1
DA:79,1
DA:83,1
DA:84,1
DA:87,1
DA:88,1
DA:92,1
DA:93,1
DA:95,1
DA:96,1
DA:105,1
DA:108,1
DA:109,1
DA:112,1
DA:113,1
DA:116,1
DA:117,1
DA:120,1
DA:121,1
DA:124,1
DA:125,1
DA:132,1
DA:133,1
DA:134,0
DA:139,1
DA:140,0
DA:141,0
DA:143,0
DA:180,1
DA:184,1
DA:186,1
DA:187,1
DA:190,1
DA:191,1
DA:192,1
DA:193,0
DA:198,1
DA:199,0
DA:204,1
DA:205,1
DA:206,1
LF:57
LH:49
end_of_record
SF:lib\home_view.dart
DA:15,1
DA:17,0
DA:18,0
DA:23,0
DA:26,0
DA:28,0
DA:29,0
DA:30,0
DA:34,0
DA:35,0
DA:37,0
DA:39,0
DA:40,0
DA:41,0
DA:45,0
DA:47,0
DA:48,0
DA:49,0
DA:50,0
DA:51,0
DA:53,0
DA:55,0
DA:56,0
DA:57,0
DA:60,0
DA:62,0
DA:64,0
DA:65,0
DA:66,0
DA:67,0
DA:69,0
DA:70,0
DA:72,0
DA:73,0
DA:77,0
DA:78,0
DA:93,0
DA:94,0
DA:95,0
DA:98,0
DA:100,0
DA:102,0
DA:103,0
DA:104,0
DA:120,0
DA:124,0
DA:126,0
DA:129,0
DA:131,0
DA:133,0
DA:134,0
DA:135,0
DA:137,0
DA:141,0
DA:143,0
DA:144,0
DA:151,0
DA:153,0
DA:154,0
DA:155,0
DA:156,0
DA:159,0
DA:160,0
DA:161,0
DA:164,0
DA:165,0
DA:167,0
DA:170,0
DA:175,0
DA:176,0
DA:177,0
DA:178,0
DA:183,0
DA:184,0
DA:185,0
DA:186,0
DA:187,0
DA:189,0
DA:203,0
DA:204,0
DA:205,0
DA:206,0
DA:207,0
DA:208,0
DA:209,0
DA:221,0
DA:222,0
DA:230,0
DA:232,0
DA:233,0
DA:234,0
DA:255,0
DA:256,0
DA:266,0
DA:267,0
DA:270,0
DA:278,0
DA:279,0
DA:285,0
DA:286,0
DA:289,0
DA:291,0
DA:292,0
DA:294,0
DA:295,0
DA:296,0
DA:299,0
DA:302,0
DA:304,0
DA:305,0
DA:311,0
DA:313,0
DA:314,0
DA:322,0
DA:324,0
DA:326,0
DA:327,0
DA:328,0
DA:329,0
DA:331,0
DA:333,0
DA:340,0
DA:343,0
DA:344,0
DA:354,0
DA:355,0
DA:358,0
DA:364,0
DA:366,0
DA:367,0
DA:373,0
DA:374,0
DA:377,0
DA:379,0
DA:380,0
DA:382,0
DA:383,0
DA:384,0
DA:387,0
DA:390,0
DA:392,0
DA:393,0
DA:399,0
DA:401,0
DA:402,0
DA:410,0
DA:413,0
DA:414,0
DA:415,0
DA:416,0
DA:418,0
DA:420,0
DA:427,0
DA:428,0
DA:429,0
DA:432,0
DA:434,0
DA:436,0
DA:437,0
DA:438,0
DA:447,0
DA:449,0
DA:450,0
DA:452,0
DA:458,0
DA:460,0
DA:471,0
DA:472,0
DA:473,0
DA:474,0
DA:478,0
DA:479,0
DA:480,0
DA:481,0
DA:485,0
DA:487,0
DA:488,0
DA:492,0
DA:494,0
DA:495,0
DA:497,0
DA:498,0
DA:499,0
DA:505,0
DA:506,0
DA:508,0
DA:510,0
DA:512,0
DA:513,0
DA:514,0
DA:515,0
DA:520,0
DA:522,0
DA:523,0
DA:526,0
DA:532,0
DA:534,0
LF:197
LH:1
end_of_record
SF:lib\widgets\create_event_dialog.dart
DA:7,1
DA:9,0
DA:10,0
DA:19,0
DA:21,0
DA:22,0
DA:23,0
DA:26,0
DA:27,0
DA:29,0
DA:30,0
DA:34,0
DA:36,0
DA:37,0
DA:38,0
DA:39,0
DA:43,0
DA:44,0
DA:45,0
DA:46,0
DA:47,0
DA:48,0
DA:49,0
DA:54,0
DA:55,0
DA:56,0
DA:57,0
DA:58,0
DA:63,0
DA:64,0
DA:65,0
DA:71,0
DA:73,0
DA:74,0
DA:76,0
DA:77,0
DA:78,0
DA:79,0
DA:80,0
DA:81,0
DA:82,0
DA:84,0
DA:85,0
DA:86,0
DA:87,0
DA:88,0
DA:89,0
DA:92,0
DA:94,0
DA:95,0
DA:96,0
DA:98,0
DA:100,0
DA:109,0
DA:110,0
DA:112,0
DA:119,0
DA:120,0
DA:122,0
DA:123,0
DA:130,0
DA:133,0
DA:135,0
DA:136,0
DA:142,0
DA:143,0
DA:147,0
DA:148,0
DA:151,0
DA:157,0
DA:160,0
DA:162,0
DA:163,0
DA:169,0
DA:170,0
DA:176,0
DA:179,0
DA:181,0
DA:182,0
DA:183,0
DA:185,0
DA:189,0
DA:190,0
DA:191,0
LF:84
LH:1
end_of_record
SF:lib\widgets\create_channel_dialog.dart
DA:8,1
DA:10,0
DA:11,0
DA:20,0
DA:22,0
DA:23,0
DA:26,0
DA:27,0
DA:29,0
DA:30,0
DA:35,0
DA:37,0
DA:38,0
DA:39,0
DA:42,0
DA:43,0
DA:44,0
DA:45,0
DA:46,0
DA:47,0
DA:48,0
DA:53,0
DA:54,0
DA:55,0
DA:56,0
DA:57,0
DA:62,0
DA:63,0
DA:64,0
DA:70,0
DA:72,0
DA:73,0
DA:75,0
DA:76,0
DA:77,0
DA:78,0
DA:79,0
DA:80,0
DA:81,0
DA:82,0
DA:83,0
DA:85,0
DA:86,0
DA:87,0
DA:88,0
DA:89,0
DA:90,0
DA:93,0
DA:95,0
DA:96,0
DA:97,0
DA:99,0
DA:101,0
DA:110,0
DA:111,0
DA:113,0
DA:120,0
DA:121,0
DA:123,0
DA:124,0
DA:131,0
DA:134,0
DA:136,0
DA:137,0
DA:143,0
DA:144,0
DA:146,0
DA:148,0
DA:151,0
DA:152,0
DA:156,0
DA:157,0
DA:161,0
DA:162,0
DA:166,0
DA:167,0
DA:172,0
DA:173,0
DA:176,0
DA:182,0
DA:185,0
DA:187,0
DA:188,0
DA:194,0
DA:198,0
DA:200,0
DA:201,0
DA:203,0
DA:204,0
DA:205,0
DA:206,0
DA:210,0
DA:216,0
DA:224,0
DA:225,0
DA:227,0
DA:228,0
DA:235,0
DA:236,0
DA:237,0
DA:244,0
DA:245,0
DA:247,0
DA:248,0
DA:249,0
DA:253,0
DA:256,0
DA:258,0
DA:259,0
DA:260,0
DA:262,0
DA:263,0
DA:265,0
DA:268,0
DA:269,0
DA:270,0
DA:271,0
DA:273,0
DA:278,0
DA:288,0
LF:120
LH:1
end_of_record
SF:lib\widgets\ptt_button.dart
DA:11,0
DA:18,0
DA:19,0
DA:29,0
DA:31,0
DA:32,0
DA:37,0
DA:40,0
DA:41,0
DA:46,0
DA:48,0
DA:49,0
DA:52,0
DA:53,0
DA:56,0
DA:58,0
DA:62,0
DA:63,0
DA:66,0
DA:68,0
DA:70,0
DA:71,0
DA:72,0
DA:82,0
DA:83,0
DA:85,0
DA:86,0
DA:89,0
DA:90,0
DA:92,0
DA:95,0
DA:97,0
DA:98,0
DA:99,0
DA:100,0
DA:101,0
DA:103,0
DA:104,0
DA:105,0
DA:106,0
DA:107,0
DA:108,0
DA:109,0
DA:110,0
DA:111,0
DA:112,0
DA:113,0
DA:114,0
DA:115,0
DA:117,0
DA:118,0
DA:119,0
DA:120,0
DA:121,0
DA:122,0
DA:125,0
DA:126,0
DA:130,0
DA:140,0
DA:149,0
DA:164,0
DA:166,0
DA:169,0
DA:170,0
DA:173,0
DA:176,0
DA:181,0
DA:188,0
DA:195,0
DA:203,0
DA:204,0
DA:206,0
DA:214,0
DA:216,0
DA:218,0
DA:219,0
DA:220,0
DA:222,0
DA:224,0
DA:226,0
DA:227,0
DA:228,0
DA:229,0
DA:231,0
DA:235,0
DA:237,0
DA:241,0
DA:243,0
DA:248,0
DA:250,0
DA:251,0
DA:252,0
DA:263,0
DA:268,0
DA:270,0
DA:271,0
DA:273,0
DA:277,0
DA:284,0
DA:286,0
LF:100
LH:0
end_of_record
SF:lib\pages\auth_page.dart
DA:6,2
DA:8,0
DA:9,0
DA:16,0
DA:18,0
DA:19,0
DA:21,0
DA:22,0
DA:23,0
DA:24,0
DA:30,0
DA:32,0
DA:33,0
DA:36,0
DA:38,0
DA:39,0
DA:40,0
DA:41,0
DA:42,0
DA:44,0
DA:47,0
DA:48,0
DA:49,0
DA:50,0
DA:51,0
DA:55,0
DA:56,0
DA:57,0
DA:60,0
DA:63,0
DA:65,0
DA:66,0
DA:72,0
DA:74,0
DA:75,0
DA:78,0
DA:80,0
DA:83,0
DA:84,0
DA:86,0
DA:89,0
DA:90,0
DA:91,0
DA:96,0
DA:98,0
DA:104,0
DA:106,0
DA:108,0
DA:111,0
DA:114,0
DA:115,0
DA:117,0
DA:118,0
DA:121,0
DA:129,0
DA:130,0
DA:136,0
DA:148,0
DA:152,0
DA:164,0
DA:166,0
DA:167,0
DA:169,0
DA:176,0
DA:186,0
DA:189,0
DA:190,0
DA:191,0
DA:196,0
DA:197,0
DA:203,0
DA:211,0
DA:217,0
DA:219,0
DA:226,0
DA:227,0
DA:228,0
DA:235,0
DA:241,0
DA:243,0
DA:244,0
DA:245,0
DA:246,0
DA:247,0
DA:251,0
DA:253,0
DA:254,0
DA:267,0
DA:268,0
DA:270,0
DA:271,0
DA:273,0
DA:274,0
DA:275,0
DA:278,0
DA:279,0
DA:280,0
DA:286,0
DA:287,0
DA:288,0
DA:289,0
DA:290,0
DA:299,0
DA:300,0
DA:301,0
DA:302,0
DA:310,0
DA:313,0
DA:314,0
DA:319,0
DA:324,0
DA:325,0
DA:327,0
DA:329,0
DA:330,0
DA:339,0
DA:341,0
DA:343,0
DA:344,0
DA:359,0
DA:360,0
DA:362,0
DA:363,0
DA:364,0
DA:365,0
DA:366,0
DA:370,0
DA:371,0
DA:372,0
DA:374,0
DA:375,0
DA:378,0
DA:381,0
DA:382,0
DA:385,0
DA:386,0
DA:394,0
DA:395,0
DA:397,0
DA:398,0
DA:415,0
DA:422,0
DA:423,0
DA:432,0
DA:434,0
DA:435,0
DA:436,0
DA:439,0
DA:440,0
DA:442,0
DA:443,0
DA:444,0
DA:447,0
DA:450,0
DA:451,0
DA:453,0
DA:457,0
DA:458,0
DA:459,0
DA:460,0
DA:467,0
DA:469,0
DA:470,0
DA:471,0
DA:472,0
DA:473,0
DA:476,0
DA:477,0
DA:479,0
DA:480,0
DA:485,0
DA:486,0
DA:488,0
DA:489,0
DA:490,0
DA:493,0
DA:496,0
DA:497,0
DA:501,0
DA:502,0
DA:508,0
DA:511,0
DA:512,0
DA:516,0
DA:517,0
DA:518,0
DA:519,0
DA:520,0
DA:523,0
DA:524,0
DA:525,0
DA:528,0
DA:529,0
DA:535,0
DA:538,0
DA:540,0
DA:541,0
DA:542,0
DA:543,0
DA:562,0
DA:565,0
DA:567,0
DA:568,0
DA:570,0
DA:572,0
DA:574,0
DA:575,0
DA:577,0
DA:578,0
DA:580,0
DA:583,0
DA:584,0
DA:586,0
DA:587,0
DA:588,0
DA:601,0
DA:610,0
DA:612,0
DA:613,0
DA:615,0
DA:617,0
DA:622,0
DA:627,0
DA:629,0
DA:630,0
DA:634,0
DA:635,0
DA:638,0
DA:639,0
DA:642,0
DA:643,0
DA:649,0
DA:650,0
DA:669,0
DA:676,0
DA:677,0
DA:689,0
DA:691,0
DA:692,0
DA:693,0
DA:694,0
DA:695,0
DA:698,0
DA:699,0
DA:701,0
DA:702,0
DA:703,0
DA:704,0
DA:707,0
DA:710,0
DA:711,0
DA:713,0
DA:717,0
DA:718,0
DA:719,0
DA:720,0
DA:727,0
DA:729,0
DA:730,0
DA:732,0
DA:733,0
DA:734,0
DA:735,0
DA:738,0
DA:739,0
DA:741,0
DA:742,0
DA:744,0
DA:749,0
DA:750,0
DA:752,0
DA:753,0
DA:755,0
DA:756,0
DA:757,0
DA:759,0
DA:762,0
DA:763,0
DA:765,0
DA:767,0
DA:770,0
DA:771,0
DA:775,0
DA:776,0
DA:779,0
DA:785,0
DA:786,0
DA:788,0
DA:791,0
DA:792,0
DA:796,0
DA:797,0
DA:800,0
DA:806,0
DA:807,0
DA:809,0
DA:812,0
DA:813,0
DA:817,0
DA:818,0
DA:819,0
DA:820,0
DA:821,0
DA:824,0
DA:825,0
DA:826,0
DA:829,0
DA:830,0
DA:833,0
DA:839,0
DA:840,0
DA:842,0
DA:845,0
DA:846,0
DA:850,0
DA:851,0
DA:852,0
DA:853,0
DA:854,0
DA:857,0
DA:858,0
DA:861,0
DA:864,0
DA:865,0
DA:868,0
DA:874,0
DA:875,0
DA:877,0
DA:879,0
DA:882,0
DA:884,0
DA:886,0
DA:887,0
DA:889,0
DA:890,0
DA:891,0
DA:892,0
DA:893,0
DA:900,0
DA:902,0
DA:903,0
DA:905,0
DA:917,0
DA:926,0
DA:928,0
DA:929,0
DA:931,0
DA:933,0
DA:938,0
DA:943,0
DA:945,0
DA:946,0
DA:950,0
DA:951,0
DA:954,0
DA:955,0
DA:958,0
DA:959,0
DA:965,0
DA:966,0
LF:360
LH:1
end_of_record
SF:lib\pages\home_page.dart
DA:10,2
DA:13,0
DA:15,0
DA:24,0
DA:27,0
DA:28,0
DA:34,0
DA:38,0
DA:53,0
DA:54,0
DA:56,0
DA:60,0
DA:61,0
DA:62,0
DA:66,0
DA:69,0
DA:70,0
DA:71,0
DA:73,0
DA:75,0
DA:93,0
DA:94,0
DA:105,0
DA:106,0
DA:111,0
DA:124,0
DA:126,0
DA:127,0
DA:128,0
DA:129,0
DA:150,0
DA:151,0
DA:153,0
DA:154,0
DA:155,0
DA:156,0
DA:157,0
DA:161,0
DA:162,0
DA:166,0
DA:173,0
DA:179,0
DA:180,0
DA:181,0
DA:182,0
DA:184,0
DA:186,0
DA:188,0
DA:193,0
DA:195,0
LF:50
LH:1
end_of_record
SF:lib\pages\splash.dart
DA:6,1
DA:9,0
LF:2
LH:1
end_of_record
SF:lib\widgets\optimized_auth_flow.dart
DA:10,1
DA:12,1
DA:14,1
DA:15,2
DA:16,1
DA:17,1
DA:18,1
DA:20,1
DA:21,2
DA:22,4
DA:25,1
DA:30,1
DA:35,0
DA:43,1
DA:53,0
DA:56,0
DA:57,0
DA:58,0
DA:59,0
DA:60,0
DA:62,0
DA:63,0
DA:68,1
DA:70,0
DA:72,0
DA:73,0
DA:74,0
DA:75,0
DA:77,0
DA:79,0
DA:81,0
DA:82,0
DA:84,0
DA:88,0
DA:90,0
DA:98,0
DA:99,0
DA:100,0
DA:101,0
DA:117,1
DA:119,1
LF:41
LH:16
end_of_record
SF:lib\pages\settings_view.dart
DA:10,1
DA:12,0
DA:13,0
DA:18,0
DA:21,0
DA:23,0
DA:24,0
DA:25,0
DA:26,0
DA:28,0
DA:30,0
DA:32,0
DA:34,0
DA:36,0
DA:40,0
DA:42,0
DA:43,0
DA:44,0
DA:45,0
DA:50,0
DA:51,0
DA:52,0
DA:56,0
DA:61,0
DA:66,0
DA:67,0
DA:71,0
DA:73,0
DA:76,0
DA:86,0
DA:88,0
DA:89,0
DA:94,0
DA:96,0
DA:97,0
DA:98,0
DA:99,0
DA:100,0
DA:103,0
DA:108,0
DA:109,0
DA:113,0
DA:114,0
DA:117,0
DA:118,0
DA:122,0
DA:124,0
DA:126,0
DA:128,0
DA:129,0
DA:132,0
DA:134,0
DA:136,0
DA:137,0
DA:140,0
DA:141,0
DA:144,0
DA:146,0
DA:147,0
DA:151,0
DA:152,0
DA:158,0
DA:160,0
DA:161,0
DA:164,0
DA:171,0
DA:172,0
DA:179,0
DA:181,0
DA:182,0
DA:188,0
DA:191,0
DA:193,0
DA:200,0
DA:203,0
DA:205,0
DA:215,0
DA:217,0
DA:226,0
DA:227,0
DA:229,0
DA:230,0
DA:231,0
DA:234,0
DA:238,0
DA:242,0
DA:244,0
DA:256,0
DA:257,0
DA:259,0
DA:268,0
DA:269,0
DA:270,0
DA:273,0
DA:274,0
DA:275,0
DA:281,0
DA:283,0
DA:284,0
DA:285,0
DA:286,0
DA:288,0
DA:289,0
DA:290,0
DA:291,0
DA:293,0
DA:294,0
DA:297,0
DA:298,0
DA:300,0
DA:306,0
DA:309,0
DA:310,0
DA:311,0
DA:322,0
DA:325,0
DA:328,0
DA:329,0
DA:333,0
DA:345,0
DA:346,0
DA:348,0
DA:349,0
DA:350,0
DA:358,0
DA:359,0
DA:360,0
DA:362,0
DA:369,0
DA:372,0
DA:373,0
DA:374,0
DA:375,0
DA:376,0
DA:377,0
DA:378,0
DA:379,0
DA:381,0
DA:385,0
DA:387,0
DA:388,0
DA:391,0
DA:392,0
DA:399,0
DA:400,0
DA:401,0
DA:402,0
DA:421,0
DA:422,0
DA:423,0
DA:424,0
DA:427,0
DA:428,0
DA:436,0
DA:437,0
DA:440,0
DA:441,0
DA:456,0
DA:461,0
DA:463,0
DA:464,0
DA:466,0
DA:467,0
DA:468,0
DA:469,0
DA:470,0
DA:474,0
DA:476,0
DA:477,0
DA:483,0
DA:497,0
DA:498,0
DA:500,0
DA:502,0
DA:503,0
DA:504,0
DA:507,0
DA:508,0
DA:509,0
DA:515,0
DA:517,0
DA:522,0
DA:523,0
DA:525,0
DA:526,0
DA:527,0
DA:528,0
DA:529,0
DA:533,0
DA:535,0
DA:536,0
DA:537,0
DA:542,0
DA:550,0
DA:557,0
DA:559,0
DA:560,0
DA:561,0
DA:562,0
DA:564,0
DA:565,0
DA:567,0
DA:571,0
DA:573,0
DA:575,0
DA:576,0
DA:583,0
DA:592,0
DA:600,0
DA:608,0
DA:610,0
DA:611,0
DA:612,0
DA:613,0
DA:615,0
DA:616,0
DA:618,0
DA:622,0
DA:624,0
DA:626,0
DA:627,0
DA:635,0
DA:640,0
DA:641,0
DA:642,0
DA:649,0
DA:657,0
DA:662,0
DA:664,0
DA:665,0
DA:666,0
DA:668,0
DA:669,0
DA:670,0
DA:672,0
DA:674,0
DA:679,0
DA:680,0
DA:682,0
DA:683,0
DA:685,0
DA:689,0
DA:691,0
DA:692,0
DA:703,0
DA:710,0
DA:712,0
DA:713,0
DA:715,0
DA:716,0
DA:717,0
DA:719,0
DA:721,0
DA:722,0
DA:723,0
DA:725,0
DA:728,0
DA:729,0
DA:734,0
DA:735,0
DA:737,0
DA:738,0
DA:740,0
DA:742,0
DA:743,0
DA:747,0
DA:748,0
DA:750,0
DA:752,0
DA:759,0
DA:761,0
DA:770,0
DA:771,0
DA:772,0
DA:773,0
DA:778,0
DA:779,0
DA:780,0
DA:783,0
DA:784,0
DA:785,0
DA:786,0
DA:787,0
DA:789,0
DA:791,0
DA:792,0
DA:794,0
DA:803,0
DA:804,0
DA:814,0
DA:817,0
DA:819,0
DA:821,0
DA:823,0
DA:831,0
DA:833,0
DA:834,0
DA:844,0
DA:854,0
DA:856,0
DA:858,0
DA:863,0
DA:864,0
DA:865,0
DA:868,0
DA:869,0
DA:870,0
DA:871,0
DA:873,0
DA:874,0
DA:875,0
DA:877,0
DA:878,0
DA:879,0
DA:896,0
DA:899,0
DA:902,0
DA:916,0
DA:917,0
DA:918,0
DA:919,0
DA:922,0
DA:924,0
DA:925,0
DA:927,0
DA:928,0
DA:929,0
DA:930,0
DA:931,0
DA:936,0
DA:937,0
DA:938,0
DA:945,0
DA:946,0
DA:947,0
DA:948,0
DA:949,0
DA:958,0
DA:961,0
DA:964,0
DA:967,0
DA:981,0
DA:983,0
DA:984,0
DA:987,0
DA:988,0
DA:989,0
DA:990,0
DA:995,0
DA:996,0
DA:997,0
DA:1004,0
DA:1005,0
DA:1006,0
DA:1007,0
DA:1008,0
LF:356
LH:1
end_of_record
SF:lib\widgets\floating_ptt_button.dart
DA:9,0
DA:14,0
DA:15,0
DA:28,0
DA:30,0
DA:32,0
DA:37,0
DA:42,0
DA:45,0
DA:46,0
DA:50,0
DA:53,0
DA:54,0
DA:58,0
DA:61,0
DA:63,0
DA:64,0
DA:65,0
DA:68,0
DA:69,0
DA:73,0
DA:75,0
DA:79,0
DA:80,0
DA:83,0
DA:85,0
DA:88,0
DA:89,0
DA:93,0
DA:94,0
DA:96,0
DA:97,0
DA:100,0
DA:102,0
DA:103,0
DA:108,0
DA:109,0
DA:110,0
DA:119,0
DA:120,0
DA:121,0
DA:125,0
DA:126,0
DA:127,0
DA:129,0
DA:130,0
DA:140,0
DA:142,0
DA:143,0
DA:145,0
DA:149,0
DA:153,0
DA:155,0
DA:157,0
DA:158,0
DA:159,0
DA:160,0
DA:161,0
DA:162,0
DA:163,0
DA:165,0
DA:167,0
DA:168,0
DA:169,0
DA:170,0
DA:173,0
DA:183,0
DA:184,0
DA:185,0
DA:215,0
DA:216,0
DA:217,0
DA:218,0
DA:219,0
DA:220,0
DA:221,0
DA:222,0
DA:223,0
DA:224,0
DA:225,0
DA:226,0
DA:227,0
DA:229,0
DA:232,0
DA:233,0
DA:235,0
DA:236,0
DA:237,0
DA:238,0
DA:239,0
DA:242,0
DA:243,0
DA:247,0
DA:248,0
DA:261,0
DA:264,0
DA:267,0
DA:268,0
DA:269,0
DA:271,0
DA:272,0
DA:282,0
DA:284,0
DA:287,0
DA:288,0
DA:289,0
DA:291,0
DA:293,0
DA:319,0
DA:320,0
DA:328,0
DA:343,0
DA:344,0
DA:345,0
DA:348,0
DA:349,0
DA:352,0
LF:117
LH:0
end_of_record
